[0.217s] DEBUG:colcon:Command line arguments: ['/usr/bin/colcon', 'build']
[0.217s] DEBUG:colcon:Parsed command line arguments: Namespace(log_base=None, log_level=None, verb_name='build', build_base='build', install_base='install', merge_install=False, symlink_install=False, test_result_base=None, continue_on_error=False, executor='parallel', parallel_workers=12, event_handlers=None, ignore_user_meta=False, metas=['./colcon.meta'], base_paths=['.'], packages_ignore=None, packages_ignore_regex=None, paths=None, packages_up_to=None, packages_up_to_regex=None, packages_above=None, packages_above_and_dependencies=None, packages_above_depth=None, packages_select_by_dep=None, packages_skip_by_dep=None, packages_skip_up_to=None, packages_select_build_failed=False, packages_skip_build_finished=False, packages_select_test_failures=False, packages_skip_test_passed=False, packages_select=None, packages_skip=None, packages_select_regex=None, packages_skip_regex=None, packages_start=None, packages_end=None, cmake_args=None, cmake_target=None, cmake_target_skip_unavailable=False, cmake_clean_cache=False, cmake_clean_first=False, cmake_force_configure=False, ament_cmake_args=None, catkin_cmake_args=None, catkin_skip_building_tests=False, mixin_files=None, mixin=None, verb_parser=<colcon_mixin.mixin.mixin_argument.MixinArgumentDecorator object at 0x747421b23be0>, verb_extension=<colcon_core.verb.build.BuildVerb object at 0x747421b23730>, main=<bound method BuildVerb.main of <colcon_core.verb.build.BuildVerb object at 0x747421b23730>>, mixin_verb=('build',))
[0.395s] Level 1:colcon.colcon_core.package_discovery:discover_packages(colcon_meta) check parameters
[0.396s] INFO:colcon.colcon_metadata.package_discovery.colcon_meta:Using configuration from '/root/.colcon/metadata/default/Gazebo.meta'
[0.397s] INFO:colcon.colcon_metadata.package_discovery.colcon_meta:Using configuration from '/root/.colcon/metadata/default/fastrtps.meta'
[0.397s] Level 1:colcon.colcon_core.package_discovery:discover_packages(recursive) check parameters
[0.397s] Level 1:colcon.colcon_core.package_discovery:discover_packages(ignore) check parameters
[0.397s] Level 1:colcon.colcon_core.package_discovery:discover_packages(path) check parameters
[0.397s] Level 1:colcon.colcon_core.package_discovery:discover_packages(colcon_meta) discover
[0.397s] Level 1:colcon.colcon_core.package_discovery:discover_packages(recursive) discover
[0.397s] INFO:colcon.colcon_core.package_discovery:Crawling recursively for packages in '/root/ACT'
[0.397s] Level 1:colcon.colcon_core.package_identification:_identify(.) by extensions ['ignore', 'ignore_ament_install']
[0.398s] Level 1:colcon.colcon_core.package_identification:_identify(.) by extension 'ignore'
[0.398s] Level 1:colcon.colcon_core.package_identification:_identify(.) by extension 'ignore_ament_install'
[0.398s] Level 1:colcon.colcon_core.package_identification:_identify(.) by extensions ['colcon_pkg']
[0.398s] Level 1:colcon.colcon_core.package_identification:_identify(.) by extension 'colcon_pkg'
[0.398s] Level 1:colcon.colcon_core.package_identification:_identify(.) by extensions ['colcon_meta']
[0.398s] Level 1:colcon.colcon_core.package_identification:_identify(.) by extension 'colcon_meta'
[0.398s] Level 1:colcon.colcon_core.package_identification:_identify(.) by extensions ['ros']
[0.398s] Level 1:colcon.colcon_core.package_identification:_identify(.) by extension 'ros'
[0.413s] Level 1:colcon.colcon_core.package_identification:_identify(.) by extensions ['cmake', 'python']
[0.413s] Level 1:colcon.colcon_core.package_identification:_identify(.) by extension 'cmake'
[0.413s] Level 1:colcon.colcon_core.package_identification:_identify(.) by extension 'python'
[0.413s] Level 1:colcon.colcon_core.package_identification:_identify(.) by extensions ['python_setup_py']
[0.414s] Level 1:colcon.colcon_core.package_identification:_identify(.) by extension 'python_setup_py'
[0.664s] DEBUG:colcon.colcon_core.package_identification:Package '.' with type 'python' and name 'act'
[0.664s] Level 1:colcon.colcon_core.package_discovery:discover_packages(recursive) using defaults
[0.665s] Level 1:colcon.colcon_core.package_discovery:discover_packages(ignore) discover
[0.665s] Level 1:colcon.colcon_core.package_discovery:discover_packages(ignore) using defaults
[0.665s] Level 1:colcon.colcon_core.package_discovery:discover_packages(path) discover
[0.665s] Level 1:colcon.colcon_core.package_discovery:discover_packages(path) using defaults
[0.700s] Level 5:colcon.colcon_core.verb:set package 'act' build argument 'cmake_args' from command line to 'None'
[0.700s] Level 5:colcon.colcon_core.verb:set package 'act' build argument 'cmake_target' from command line to 'None'
[0.700s] Level 5:colcon.colcon_core.verb:set package 'act' build argument 'cmake_target_skip_unavailable' from command line to 'False'
[0.700s] Level 5:colcon.colcon_core.verb:set package 'act' build argument 'cmake_clean_cache' from command line to 'False'
[0.700s] Level 5:colcon.colcon_core.verb:set package 'act' build argument 'cmake_clean_first' from command line to 'False'
[0.700s] Level 5:colcon.colcon_core.verb:set package 'act' build argument 'cmake_force_configure' from command line to 'False'
[0.700s] Level 5:colcon.colcon_core.verb:set package 'act' build argument 'ament_cmake_args' from command line to 'None'
[0.700s] Level 5:colcon.colcon_core.verb:set package 'act' build argument 'catkin_cmake_args' from command line to 'None'
[0.700s] Level 5:colcon.colcon_core.verb:set package 'act' build argument 'catkin_skip_building_tests' from command line to 'False'
[0.700s] DEBUG:colcon.colcon_core.verb:Building package 'act' with the following arguments: {'ament_cmake_args': None, 'build_base': '/root/ACT/build/act', 'catkin_cmake_args': None, 'catkin_skip_building_tests': False, 'cmake_args': None, 'cmake_clean_cache': False, 'cmake_clean_first': False, 'cmake_force_configure': False, 'cmake_target': None, 'cmake_target_skip_unavailable': False, 'install_base': '/root/ACT/install/act', 'merge_install': False, 'path': '/root/ACT', 'symlink_install': False, 'test_result_base': None}
[0.700s] INFO:colcon.colcon_core.executor:Executing jobs using 'parallel' executor
[0.702s] DEBUG:colcon.colcon_parallel_executor.executor.parallel:run_until_complete
[0.702s] INFO:colcon.colcon_core.task.python.build:Building Python package in '/root/ACT'
[0.708s] INFO:colcon.colcon_core.plugin_system:Skipping extension 'colcon_core.shell.bat': Not used on non-Windows systems
[0.709s] INFO:colcon.colcon_core.shell:Skip shell extension 'powershell' for command environment: Not usable outside of PowerShell
[0.709s] DEBUG:colcon.colcon_core.shell:Skip shell extension 'dsv' for command environment
[1.350s] DEBUG:colcon.colcon_core.event_handler.log_command:Invoking command in '/root/ACT': PYTHONPATH=/root/ACT/build/act/prefix_override:/usr/lib/python3/dist-packages/colcon_core/task/python/colcon_distutils_commands:/root/ACT/install/act/lib/python3.10/site-packages:${PYTHONPATH} /usr/bin/python3 -W ignore:setup.py install is deprecated -W ignore:easy_install command is deprecated setup.py egg_info --egg-base build/act build --build-base /root/ACT/build/act/build install --record /root/ACT/build/act/install.log --single-version-externally-managed
[1.642s] DEBUG:colcon.colcon_core.event_handler.log_command:Invoked command in '/root/ACT' returned '0': PYTHONPATH=/root/ACT/build/act/prefix_override:/usr/lib/python3/dist-packages/colcon_core/task/python/colcon_distutils_commands:/root/ACT/install/act/lib/python3.10/site-packages:${PYTHONPATH} /usr/bin/python3 -W ignore:setup.py install is deprecated -W ignore:easy_install command is deprecated setup.py egg_info --egg-base build/act build --build-base /root/ACT/build/act/build install --record /root/ACT/build/act/install.log --single-version-externally-managed
[1.651s] Level 1:colcon.colcon_core.environment:checking '/root/ACT/install/act' for CMake module files
[1.651s] Level 1:colcon.colcon_core.environment:checking '/root/ACT/install/act' for CMake config files
[1.652s] Level 1:colcon.colcon_core.environment:checking '/root/ACT/install/act/lib'
[1.652s] Level 1:colcon.colcon_core.environment:checking '/root/ACT/install/act/bin'
[1.652s] Level 1:colcon.colcon_core.environment:checking '/root/ACT/install/act/lib/pkgconfig/act.pc'
[1.652s] Level 1:colcon.colcon_core.environment:checking '/root/ACT/install/act/lib/python3.10/site-packages'
[1.652s] Level 1:colcon.colcon_core.shell:create_environment_hook('act', 'pythonpath')
[1.653s] INFO:colcon.colcon_core.shell:Creating environment hook '/root/ACT/install/act/share/act/hook/pythonpath.ps1'
[1.654s] INFO:colcon.colcon_core.shell:Creating environment descriptor '/root/ACT/install/act/share/act/hook/pythonpath.dsv'
[1.654s] INFO:colcon.colcon_core.shell:Creating environment hook '/root/ACT/install/act/share/act/hook/pythonpath.sh'
[1.656s] Level 1:colcon.colcon_core.environment:checking '/root/ACT/install/act/bin'
[1.656s] Level 1:colcon.colcon_core.environment:create_environment_scripts_only(act)
[1.656s] INFO:colcon.colcon_core.shell:Creating package script '/root/ACT/install/act/share/act/package.ps1'
[1.657s] INFO:colcon.colcon_core.shell:Creating package descriptor '/root/ACT/install/act/share/act/package.dsv'
[1.658s] INFO:colcon.colcon_core.shell:Creating package script '/root/ACT/install/act/share/act/package.sh'
[1.659s] INFO:colcon.colcon_core.shell:Creating package script '/root/ACT/install/act/share/act/package.bash'
[1.660s] INFO:colcon.colcon_core.shell:Creating package script '/root/ACT/install/act/share/act/package.zsh'
[1.661s] Level 1:colcon.colcon_core.environment:create_file_with_runtime_dependencies(/root/ACT/install/act/share/colcon-core/packages/act)
[1.661s] DEBUG:colcon.colcon_parallel_executor.executor.parallel:closing loop
[1.661s] DEBUG:colcon.colcon_parallel_executor.executor.parallel:loop closed
[1.662s] DEBUG:colcon.colcon_parallel_executor.executor.parallel:run_until_complete finished with '0'
[1.662s] DEBUG:colcon.colcon_core.event_reactor:joining thread
[1.673s] INFO:colcon.colcon_core.plugin_system:Skipping extension 'colcon_notification.desktop_notification.notify_send': Could not find 'notify-send'
[1.673s] INFO:colcon.colcon_core.plugin_system:Skipping extension 'colcon_notification.desktop_notification.terminal_notifier': Not used on non-Darwin systems
[1.673s] INFO:colcon.colcon_core.plugin_system:Skipping extension 'colcon_notification.desktop_notification.win32': Not used on non-Windows systems
[1.673s] INFO:colcon.colcon_notification.desktop_notification:Sending desktop notification using 'notify2'
[1.673s] DEBUG:colcon.colcon_notification.desktop_notification.notify2:Failed to initialize notify2: org.freedesktop.DBus.Error.NotSupported: Unable to autolaunch a dbus-daemon without a $DISPLAY for X11
[1.674s] DEBUG:colcon.colcon_core.event_reactor:joined thread
[1.674s] INFO:colcon.colcon_core.shell:Creating prefix script '/root/ACT/install/local_setup.ps1'
[1.675s] INFO:colcon.colcon_core.shell:Creating prefix util module '/root/ACT/install/_local_setup_util_ps1.py'
[1.677s] INFO:colcon.colcon_core.shell:Creating prefix chain script '/root/ACT/install/setup.ps1'
[1.679s] INFO:colcon.colcon_core.shell:Creating prefix script '/root/ACT/install/local_setup.sh'
[1.679s] INFO:colcon.colcon_core.shell:Creating prefix util module '/root/ACT/install/_local_setup_util_sh.py'
[1.680s] INFO:colcon.colcon_core.shell:Creating prefix chain script '/root/ACT/install/setup.sh'
[1.682s] INFO:colcon.colcon_core.shell:Creating prefix script '/root/ACT/install/local_setup.bash'
[1.682s] INFO:colcon.colcon_core.shell:Creating prefix chain script '/root/ACT/install/setup.bash'
[1.684s] INFO:colcon.colcon_core.shell:Creating prefix script '/root/ACT/install/local_setup.zsh'
[1.685s] INFO:colcon.colcon_core.shell:Creating prefix chain script '/root/ACT/install/setup.zsh'
